<?xml version="1.0" encoding="UTF-8"?>
<testsuite xmlns:xsi="http://www.w3.org/2001/XMLSchema-instance" xsi:noNamespaceSchemaLocation="https://maven.apache.org/surefire/maven-surefire-plugin/xsd/surefire-test-report.xsd" name="TestRedissonConfig" time="14.306" tests="1" errors="1" skipped="0" failures="0">
  <properties>
[...]
</properties>
  <testcase name="configTest" classname="TestRedissonConfig" time="14.125">
    <error message="Can&apos;t connect to servers!" type="org.redisson.client.RedisConnectionException">org.redisson.client.RedisConnectionException: Can't connect to servers!
	at TestRedissonConfig.configTest(TestRedissonConfig.java:32)
Caused by: io.netty.channel.ConnectTimeoutException: connection timed out: 172.17.0.6/172.17.0.6:7003
</error>
    <system-out><![CDATA[-=------
]]></system-out>
    <system-err><![CDATA[SLF4J: Failed to load class "org.slf4j.impl.StaticLoggerBinder".
SLF4J: Defaulting to no-operation (NOP) logger implementation
SLF4J: See http://www.slf4j.org/codes.html#StaticLoggerBinder for further details.
]]></system-err>
  </testcase>
</testsuite>